C51 COMPILER V9.00   步_电_                                                              01/27/2017 02:58:12 PAGE 1   


C51 COMPILER V9.00, COMPILATION OF MODULE 步_电_
OBJECT MODULE PLACED IN 步进电机.OBJ
COMPILER INVOKED BY: F:\keilc51\C51\BIN\C51.EXE 步进电机.c BROWSE DEBUG OBJECTEXTEND

line level    source

   1          /******************************步进电机的驱动************************************* 
   2          ;FOSC = 12MHz 
   3          ;--------------------------------------------------------------------------------- 
   4          ; 步进电机的驱动信号必须为脉冲信号!!! 转动的速度和脉冲的频率成正比!!! 
   5          ; 本步进电机步进角为 5.625/61度 . 一圈 360 度 , 需要4096个脉冲完成!!! 
   6          ;---------------------------------------------------------------------------------
   7           ; A组线圈对应 P0.0 ; B组线圈对应 P0.1 ; C组线圈对应 P0.2 ; D组线圈对应 P0.3 
   8          ; 正转次序: AB组--BC组--CD组--DA组 (即一个脉冲,正转5.625度) 
   9          ;---------------------------------------------------------------------------------- 
  10          **********************************************************************************/  
  11          /*头文件*/ 
  12          #include <reg52.h>       
  13          #include <intrins.h> 
  14          #define uint unsigned int
  15          #define uchar unsigned char 
  16          #define nop() _nop_()  
  17          uchar code table1[]={0x03,0x06,0x0c,0x09};  /*正转表*/ 
  18          uchar code table2[]={0x03,0x09,0x0c,0x06};  /*反转表*/
  19          #define motor P0   
  20          
  21          void delay(uchar ms) /*延时*/
  22           { 
  23   1          uchar j;    
  24   1               while(ms--)
  25   1               { 
  26   2              for(j=0;j<250;j++)           
  27   2                        {;}        
  28   2               }    
  29   1       } 
  30          void Delay1000ms()              //@11.0592MHz
  31          {
  32   1              unsigned char i, j, k;
  33   1      
  34   1              _nop_();
  35   1              _nop_();
  36   1              i = 43;
  37   1              j = 6;
  38   1              k = 203;
  39   1              do
  40   1              {
  41   2                      do
  42   2                      {
  43   3                              while (--k);
  44   3                      } while (--j);
  45   2              } while (--i);
  46   1      }
  47          
  48          void main() 
  49          { 
  50   1       uchar i,j;  
  51   1        
  52   1        //正转1圈共4096个脉冲   j=0; 
  53   1        for(i=0;i<2;i++)
  54   1        {   
  55   2         motor = 0x00; 
C51 COMPILER V9.00   步_电_                                                              01/27/2017 02:58:12 PAGE 2   

  56   2         motor = table2[j];   
  57   2         j++; 
  58   2         if(j>=4)
  59   2         j=0;
  60   2         delay(2); 
  61   2        } 
  62   1        delay(200);  
  63   1        delay(200); 
  64   1        delay(200);   
  65   1        delay(200);   
  66   1        delay(200);  
  67   1       
  68   1        //反转1圈共4096个脉冲   j=0; 
  69   1        for(i=0;i<4096;i++)
  70   1        {    
  71   2         motor = 0x00; 
  72   2         motor = table2[j];   
  73   2         j++; 
  74   2         if(j>=4)
  75   2         j=0;  
  76   2         delay(2);  
  77   2        } 
  78   1        delay(200); 
  79   1        delay(200);  
  80   1        delay(200); 
  81   1        delay(200);  
  82   1        delay(200);      
  83   1        }  
  84             
  85          
  86          
  87          
  88          
  89          
  90          
  91          
  92          
  93          
  94          
  95          
  96          
  97          
  98          
  99          
 100          
 101          //
 102          //
 103          //#include <reg52.h>
 104          //#include<intrins.h>
 105          //
 106          //unsigned char code F_Rotation[4]={0x02,0x04,0x08,0x10};//正转表格
 107          //unsigned char code B_Rotation[4]={0x03,0x09,0x0c,0x06};//反转表格
 108          //
 109          //void Delay(unsigned int i)//延时
 110          //{
 111          // while(--i);
 112          //}
 113          //
 114          //void Delay1000ms()            //@11.0592MHz
 115          //{
 116          //      unsigned char i, j, k;
 117          //
C51 COMPILER V9.00   步_电_                                                              01/27/2017 02:58:12 PAGE 3   

 118          //      _nop_();
 119          //      _nop_();
 120          //      i = 43;
 121          //      j = 6;
 122          //      k = 203;
 123          //      do
 124          //      {
 125          //              do
 126          //              {
 127          //                      while (--k);
 128          //              } while (--j);
 129          //      } while (--i);
 130          //}
 131          //
 132          //
 133          //main()
 134          //{
 135          // 
 136          // unsigned char i;
 137          //
 138          // while(1)
 139          // {
 140          //  for(i=0;i<4;i++)      //4相
 141          //     {
 142          //     P0=B_Rotation[i];  //输出对应的相 可以自行换成反转表格
 143          //     Delay(500);        //改变这个参数可以调整电机转速
 144          //       }
 145          //  Delay1000ms();
 146          //  for(i=0;i<4;i++)      //4相
 147          //     {
 148          //     P0=F_Rotation[i];  //输出对应的相 可以自行换成反转表格
 149          //     Delay(500);        //改变这个参数可以调整电机转速
 150          //       }
 151          //  }
 152          //}


MODULE INFORMATION:   STATIC OVERLAYABLE
   CODE SIZE        =    132    ----
   CONSTANT SIZE    =      8    ----
   XDATA SIZE       =   ----    ----
   PDATA SIZE       =   ----    ----
   DATA SIZE        =   ----    ----
   IDATA SIZE       =   ----    ----
   BIT SIZE         =   ----    ----
END OF MODULE INFORMATION.


C51 COMPILATION COMPLETE.  0 WARNING(S),  0 ERROR(S)
